#
# There is insufficient memory for the Java Runtime Environment to continue.
# Native memory allocation (mmap) failed to map 132120576 bytes for Failed to commit area from 0x0000000083800000 to 0x000000008b600000 of length 132120576.
# Possible reasons:
#   The system is out of physical RAM or swap space
#   The process is running with CompressedOops enabled, and the Java Heap may be blocking the growth of the native heap
# Possible solutions:
#   Reduce memory load on the system
#   Increase physical memory or swap space
#   Check if swap backing store is full
#   Decrease Java heap size (-Xmx/-Xms)
#   Decrease number of Java threads
#   Decrease Java thread stack sizes (-Xss)
#   Set larger code cache with -XX:ReservedCodeCacheSize=
# This output file may be truncated or incomplete.
#
#  Out of Memory Error (./src/hotspot/os/windows/os_windows.cpp:3303), pid=6940, tid=14420
#
# JRE version:  (11.0.9.1+12) (build )
# Java VM: OpenJDK 64-Bit Server VM (11.0.9.1+12-LTS, mixed mode, sharing, tiered, compressed oops, g1 gc, windows-amd64)
# No core dump will be written. Minidumps are not enabled by default on client versions of Windows
#

---------------  S U M M A R Y ------------

Command Line: -Dorg.gradle.appname=gradlew org.gradle.wrapper.GradleWrapperMain -q -Ptarget-platform=android-arm64 -Ptarget=D:\Weather-app\lib\main.dart -Ptrack-widget-creation=true -Pfilesystem-scheme=org-dartlang-root -Pdart-defines=flutter.inspector.structuredErrors=true assembleDebug

Host: Intel(R) Core(TM) i5-8265U CPU @ 1.60GHz, 8 cores, 7G,  Windows 10 , 64 bit Build 18362 (10.0.18362.1110)
Time: Sat Feb 13 17:04:16 2021 India Standard Time elapsed time: 0.354802 seconds (0d 0h 0m 0s)

---------------  T H R E A D  ---------------

Current thread (0x0000020014caf800):  JavaThread "Unknown thread" [_thread_in_vm, id=14420, stack(0x000000cc29600000,0x000000cc29700000)]

Stack: [0x000000cc29600000,0x000000cc29700000]
Native frames: (J=compiled Java code, j=interpreted, Vv=VM code, C=native code)
V  [jvm.dll+0x5f504a]
V  [jvm.dll+0x77d3ee]
V  [jvm.dll+0x77eabf]
V  [jvm.dll+0x77f183]
V  [jvm.dll+0x247668]
V  [jvm.dll+0x5f22aa]
V  [jvm.dll+0x5e6ef5]
V  [jvm.dll+0x2fc8bc]
V  [jvm.dll+0x2fc742]
V  [jvm.dll+0x3013f6]
V  [jvm.dll+0x345c6f]
V  [jvm.dll+0x3456a0]
V  [jvm.dll+0x2d9b18]
V  [jvm.dll+0x2dac66]
V  [jvm.dll+0x758db7]
V  [jvm.dll+0x75a53f]
V  [jvm.dll+0x352a69]
V  [jvm.dll+0x73c040]
V  [jvm.dll+0x3ba28f]
V  [jvm.dll+0x3bc731]
C  [jli.dll+0x5207]
C  [ucrtbase.dll+0x210b2]
C  [KERNEL32.DLL+0x17c24]
C  [ntdll.dll+0x6d4d1]


---------------  P R O C E S S  ---------------

Threads class SMR info:
_java_thread_list=0x0000020014ba5de0, length=0, elements={
}

Java Threads: ( => current thread )

Other Threads:
  0x0000020014cc8800 GCTaskThread "GC Thread#0" [stack: 0x000000cc29700000,0x000000cc29800000] [id=20932]
  0x0000020014cfa000 ConcurrentGCThread "G1 Main Marker" [stack: 0x000000cc29800000,0x000000cc29900000] [id=3196]
  0x0000020014cfd800 ConcurrentGCThread "G1 Conc#0" [stack: 0x000000cc29900000,0x000000cc29a00000] [id=4988]

[error occurred during error reporting (printing all threads), id 0xc0000005, EXCEPTION_ACCESS_VIOLATION (0xc0000005) at pc=0x00007ffb44169197]

VM state:not at safepoint (not fully initialized)

VM Mutex/Monitor currently owned by a thread:  ([mutex/lock_event])
[0x0000020014c7b590] Heap_lock - owner thread: 0x0000020014caf800

Heap address: 0x0000000083800000, size: 1992 MB, Compressed Oops mode: Non-zero based: 0x0000000083800000
Narrow klass base: 0x0000000000000000, Narrow klass shift: 0

GC Heap History (0 events):
No events

Deoptimization events (0 events):
No events

Classes redefined (0 events):
No events

Internal exceptions (0 events):
No events

Events (1 events):
Event: 0.230 Loaded shared library D:\amazon-corretto-11.0.9.12.1-windows-x64-jdk\jdk11.0.9_12\bin\zip.dll


Dynamic libraries:
0x00007ff6fb8b0000 - 0x00007ff6fb8bd000 	D:\amazon-corretto-11.0.9.12.1-windows-x64-jdk\jdk11.0.9_12\bin\java.exe
0x00007ffb90a60000 - 0x00007ffb90c50000 	C:\Windows\SYSTEM32\ntdll.dll
0x00007ffb90060000 - 0x00007ffb90112000 	C:\Windows\System32\KERNEL32.DLL
0x00007ffb8dae0000 - 0x00007ffb8dd85000 	C:\Windows\System32\KERNELBASE.dll
0x00007ffb8e750000 - 0x00007ffb8e84a000 	C:\Windows\System32\ucrtbase.dll
0x00007ffb79630000 - 0x00007ffb79647000 	D:\amazon-corretto-11.0.9.12.1-windows-x64-jdk\jdk11.0.9_12\bin\jli.dll
0x00007ffb8eb80000 - 0x00007ffb8ed14000 	C:\Windows\System32\USER32.dll
0x00007ffb8e520000 - 0x00007ffb8e541000 	C:\Windows\System32\win32u.dll
0x00007ffb8f590000 - 0x00007ffb8f5b6000 	C:\Windows\System32\GDI32.dll
0x00007ffb8e970000 - 0x00007ffb8eb06000 	C:\Windows\System32\gdi32full.dll
0x00007ffb8d9d0000 - 0x00007ffb8da6e000 	C:\Windows\System32\msvcp_win.dll
0x00007ffb743e0000 - 0x00007ffb74664000 	C:\Windows\WinSxS\amd64_microsoft.windows.common-controls_6595b64144ccf1df_6.0.18362.1256_none_9e7e379be45e40e2\COMCTL32.dll
0x00007ffb79610000 - 0x00007ffb79625000 	D:\amazon-corretto-11.0.9.12.1-windows-x64-jdk\jdk11.0.9_12\bin\VCRUNTIME140.dll
0x00007ffb90190000 - 0x00007ffb9022e000 	C:\Windows\System32\msvcrt.dll
0x00007ffb8ed20000 - 0x00007ffb8f056000 	C:\Windows\System32\combase.dll
0x00007ffb8f470000 - 0x00007ffb8f590000 	C:\Windows\System32\RPCRT4.dll
0x00007ffb8e850000 - 0x00007ffb8e8d1000 	C:\Windows\System32\bcryptPrimitives.dll
0x00007ffb8f120000 - 0x00007ffb8f14e000 	C:\Windows\System32\IMM32.DLL
0x00007ffb5a7b0000 - 0x00007ffb5a84b000 	D:\amazon-corretto-11.0.9.12.1-windows-x64-jdk\jdk11.0.9_12\bin\msvcp140.dll
0x00007ffb43e80000 - 0x00007ffb449c4000 	D:\amazon-corretto-11.0.9.12.1-windows-x64-jdk\jdk11.0.9_12\bin\server\jvm.dll
0x00007ffb8fed0000 - 0x00007ffb8ff73000 	C:\Windows\System32\ADVAPI32.dll
0x00007ffb8f5c0000 - 0x00007ffb8f657000 	C:\Windows\System32\sechost.dll
0x00007ffb90180000 - 0x00007ffb90188000 	C:\Windows\System32\PSAPI.DLL
0x00007ffb876e0000 - 0x00007ffb87704000 	C:\Windows\SYSTEM32\WINMM.dll
0x00007ffb876b0000 - 0x00007ffb876dd000 	C:\Windows\SYSTEM32\WINMMBASE.dll
0x00007ffb8da90000 - 0x00007ffb8dada000 	C:\Windows\System32\cfgmgr32.dll
0x00007ffb81be0000 - 0x00007ffb81bea000 	C:\Windows\SYSTEM32\VERSION.dll
0x00007ffb7cce0000 - 0x00007ffb7cce9000 	C:\Windows\SYSTEM32\WSOCK32.dll
0x00007ffb8fe60000 - 0x00007ffb8fecf000 	C:\Windows\System32\WS2_32.dll
0x00007ffb8d910000 - 0x00007ffb8d921000 	C:\Windows\System32\kernel.appcore.dll
0x00007ffb84fa0000 - 0x00007ffb84fb0000 	D:\amazon-corretto-11.0.9.12.1-windows-x64-jdk\jdk11.0.9_12\bin\verify.dll
0x00007ffb8c180000 - 0x00007ffb8c374000 	C:\Windows\SYSTEM32\DBGHELP.DLL
0x00007ffb7f930000 - 0x00007ffb7f95a000 	C:\Windows\SYSTEM32\dbgcore.DLL
0x00007ffb79510000 - 0x00007ffb79538000 	D:\amazon-corretto-11.0.9.12.1-windows-x64-jdk\jdk11.0.9_12\bin\java.dll
0x00007ffb84e10000 - 0x00007ffb84e1a000 	D:\amazon-corretto-11.0.9.12.1-windows-x64-jdk\jdk11.0.9_12\bin\jimage.dll
0x00007ffb79af0000 - 0x00007ffb79b07000 	D:\amazon-corretto-11.0.9.12.1-windows-x64-jdk\jdk11.0.9_12\bin\zip.dll

dbghelp: loaded successfully - version: 4.0.5 - missing functions: none
symbol engine: initialized successfully - sym options: 0x614 - pdb path: .;D:\amazon-corretto-11.0.9.12.1-windows-x64-jdk\jdk11.0.9_12\bin;C:\Windows\SYSTEM32;C:\Windows\WinSxS\amd64_microsoft.windows.common-controls_6595b64144ccf1df_6.0.18362.1256_none_9e7e379be45e40e2;D:\amazon-corretto-11.0.9.12.1-windows-x64-jdk\jdk11.0.9_12\bin\server

VM Arguments:
jvm_args: -Dorg.gradle.appname=gradlew 
java_command: org.gradle.wrapper.GradleWrapperMain -q -Ptarget-platform=android-arm64 -Ptarget=D:\Weather-app\lib\main.dart -Ptrack-widget-creation=true -Pfilesystem-scheme=org-dartlang-root -Pdart-defines=flutter.inspector.structuredErrors=true assembleDebug
java_class_path (initial): D:\Weather-app\android\\gradle\wrapper\gradle-wrapper.jar
Launcher Type: SUN_STANDARD

[Global flags]
     intx CICompilerCount                          = 4                                         {product} {ergonomic}
     uint ConcGCThreads                            = 2                                         {product} {ergonomic}
     uint G1ConcRefinementThreads                  = 8                                         {product} {ergonomic}
   size_t G1HeapRegionSize                         = 1048576                                   {product} {ergonomic}
    uintx GCDrainStackTargetSize                   = 64                                        {product} {ergonomic}
   size_t InitialHeapSize                          = 132120576                                 {product} {ergonomic}
   size_t MarkStackSize                            = 4194304                                   {product} {ergonomic}
   size_t MaxHeapSize                              = 2088763392                                {product} {ergonomic}
   size_t MinHeapDeltaBytes                        = 1048576                                   {product} {ergonomic}
    uintx NonNMethodCodeHeapSize                   = 5836300                                {pd product} {ergonomic}
    uintx NonProfiledCodeHeapSize                  = 122910970                              {pd product} {ergonomic}
    uintx ProfiledCodeHeapSize                     = 122910970                              {pd product} {ergonomic}
    uintx ReservedCodeCacheSize                    = 251658240                              {pd product} {ergonomic}
     bool SegmentedCodeCache                       = true                                      {product} {ergonomic}
     bool UseCompressedClassPointers               = true                                 {lp64_product} {ergonomic}
     bool UseCompressedOops                        = true                                 {lp64_product} {ergonomic}
     bool UseG1GC                                  = true                                      {product} {ergonomic}
     bool UseLargePagesIndividualAllocation        = false                                  {pd product} {ergonomic}

Logging:
Log output configuration:
 #0: stdout all=warning uptime,level,tags
 #1: stderr all=off uptime,level,tags

Environment Variables:
JAVA_HOME=D:\amazon-corretto-11.0.9.12.1-windows-x64-jdk\jdk11.0.9_12
CLASSPATH=D:\Weather-app\android\\gradle\wrapper\gradle-wrapper.jar
PATH=C:\Program Files (x86)\Common Files\Oracle\Java\javapath;C:\Windows\system32;C:\Windows;C:\Windows\System32\Wbem;C:\Windows\System32\WindowsPowerShell\v1.0\;C:\Windows\System32\OpenSSH\;C:\Program Files (x86)\Intel\Intel(R) Management Engine Components\DAL;C:\Program Files\Intel\Intel(R) Management Engine Components\DAL;C:\Program Files\Intel\WiFi\bin\;C:\Program Files\Common Files\Intel\WirelessCommon\;C:\Program Files (x86)\NVIDIA Corporation\PhysX\Common;C:\Android;C:\Program Files\NVIDIA Corporation\NVIDIA NvDLISR;D:\Downloads\php-7.4.5-Win32-vc15-x64;D:\nodejs\;D:\Git\cmd;D:\CrSSL\bin;C:\Program Files\MySQL\MySQL Shell 8.0\bin\;C:\Users\palak\AppData\Local\Programs\Python\Python36\Scripts\;C:\Users\palak\AppData\Local\Programs\Python\Python36\;C:\Users\palak\AppData\Local\Microsoft\WindowsApps;D:\flutter_windows_v1.12.13+hotfix.5-stable\flutter\bin;C:\Users\palak\AppData\Local\Programs\Microsoft VS Code\bin;C:\Users\palak\AppData\Local\Programs\Python\Python37-32\Scripts;D:\flutter_windows_v1.12.13+hotfix.5-stable\flutter;C:\Users\palak\AppData\Local\Android\Sdk\emulator;C:\Program Files\Android\Android Studio\jre;D:\heroku\bin;D:\java\bin;C:\Users\palak\AppData\Roaming\npm;C:\Program Files (x86)\mingw-w64\i686-8.1.0-posix-dwarf-rt_v6-rev0\mingw32\bin;;D:\flutter_windows_v1.12.13+hotfix.5-stable\flutter\bin\mingit\cmd
USERNAME=palak
OS=Windows_NT
PROCESSOR_IDENTIFIER=Intel64 Family 6 Model 142 Stepping 12, GenuineIntel



---------------  S Y S T E M  ---------------

OS: Windows 10 , 64 bit Build 18362 (10.0.18362.1110)
OS uptime: 0 days 7:34 hours

CPU:total 8 (initial active 8) (4 cores per cpu, 2 threads per core) family 6 model 142 stepping 12, cmov, cx8, fxsr, mmx, sse, sse2, sse3, ssse3, sse4.1, sse4.2, popcnt, avx, avx2, aes, clmul, erms, 3dnowpref, lzcnt, ht, tsc, tscinvbit, bmi1, bmi2, adx, fma

Memory: 4k page, system-wide physical 7967M (457M free)
TotalPageFile size 21103M (AvailPageFile size 6M)
current process WorkingSet (physical memory assigned to process): 9M, peak: 9M
current process commit charge ("private bytes"): 60M, peak: 186M

vm_info: OpenJDK 64-Bit Server VM (11.0.9.1+12-LTS) for windows-amd64 JRE (11.0.9.1+12-LTS), built on Nov  4 2020 10:17:53 by "Administrator" with MS VC++ 15.9 (VS2017)

END.
