#
# There is insufficient memory for the Java Runtime Environment to continue.
# Native memory allocation (malloc) failed to allocate 1124016 bytes for Chunk::new
# Possible reasons:
#   The system is out of physical RAM or swap space
#   The process is running with CompressedOops enabled, and the Java Heap may be blocking the growth of the native heap
# Possible solutions:
#   Reduce memory load on the system
#   Increase physical memory or swap space
#   Check if swap backing store is full
#   Decrease Java heap size (-Xmx/-Xms)
#   Decrease number of Java threads
#   Decrease Java thread stack sizes (-Xss)
#   Set larger code cache with -XX:ReservedCodeCacheSize=
#   JVM is running with Unscaled Compressed Oops mode in which the Java heap is
#     placed in the first 4GB address space. The Java Heap base address is the
#     maximum limit for the native heap growth. Please use -XX:HeapBaseMinAddress
#     to set the Java Heap base and to place the Java Heap above 4GB virtual address.
# This output file may be truncated or incomplete.
#
#  Out of Memory Error (allocation.cpp:389), pid=20476, tid=0x00000000000036b0
#
# JRE version: OpenJDK Runtime Environment (8.0_212-b04) (build 1.8.0_212-release-1586-b04)
# Java VM: OpenJDK 64-Bit Server VM (25.212-b04 mixed mode windows-amd64 compressed oops)
# Failed to write core dump. Minidumps are not enabled by default on client versions of Windows
#

---------------  T H R E A D  ---------------

Current thread (0x0000000018c3f000):  JavaThread "C2 CompilerThread1" daemon [_thread_in_native, id=14000, stack(0x0000000019610000,0x0000000019710000)]

Stack: [0x0000000019610000,0x0000000019710000]
[error occurred during error reporting (printing stack bounds), id 0xc0000005]

Native frames: (J=compiled Java code, j=interpreted, Vv=VM code, C=native code)


Current CompileTask:
C2:7925760 24029 %     4       com.android.tools.r8.code.InstructionFactory::readSequenceFrom @ 20 (4072 bytes)


---------------  P R O C E S S  ---------------

Java Threads: ( => current thread )
  0x000000001ea69000 JavaThread "ForkJoinPool-14-worker-0" daemon [_thread_in_Java, id=21020, stack(0x000000002f600000,0x000000002f700000)]
  0x000000001ea65800 JavaThread "ForkJoinPool-14-worker-7" daemon [_thread_blocked, id=19824, stack(0x000000002f500000,0x000000002f600000)]
  0x000000001ea64800 JavaThread "ForkJoinPool-14-worker-6" daemon [_thread_blocked, id=18596, stack(0x000000002f400000,0x000000002f500000)]
  0x000000001ea67800 JavaThread "ForkJoinPool-14-worker-5" daemon [_thread_in_Java, id=21320, stack(0x000000002f300000,0x000000002f400000)]
  0x000000001ea68800 JavaThread "ForkJoinPool-14-worker-4" daemon [_thread_blocked, id=3280, stack(0x000000002f200000,0x000000002f300000)]
  0x000000001ea67000 JavaThread "ForkJoinPool-14-worker-3" daemon [_thread_in_Java, id=5672, stack(0x000000002f100000,0x000000002f200000)]
  0x000000001ea66000 JavaThread "ForkJoinPool-14-worker-2" daemon [_thread_blocked, id=920, stack(0x000000002f000000,0x000000002f100000)]
  0x0000000029af6800 JavaThread "ForkJoinPool-14-worker-1" daemon [_thread_blocked, id=5804, stack(0x000000002ef00000,0x000000002f000000)]
  0x000000001bc4b000 JavaThread "WorkerExecutor Queue Thread 21" [_thread_blocked, id=20776, stack(0x000000002e850000,0x000000002e950000)]
  0x000000001ac8c800 JavaThread "WorkerExecutor Queue Thread 20" [_thread_blocked, id=11192, stack(0x000000002de20000,0x000000002df20000)]
  0x000000001ac8b800 JavaThread "WorkerExecutor Queue Thread 19" [_thread_blocked, id=12120, stack(0x000000002e750000,0x000000002e850000)]
  0x000000001ac8f800 JavaThread "WorkerExecutor Queue Thread 18" [_thread_blocked, id=7764, stack(0x000000002e650000,0x000000002e750000)]
  0x000000001ac89800 JavaThread "ForkJoinPool.commonPool-worker-7" daemon [_thread_blocked, id=12000, stack(0x000000002e550000,0x000000002e650000)]
  0x000000001ac88800 JavaThread "ForkJoinPool.commonPool-worker-6" daemon [_thread_blocked, id=15508, stack(0x000000002e450000,0x000000002e550000)]
  0x000000001ac8e000 JavaThread "ForkJoinPool.commonPool-worker-5" daemon [_thread_blocked, id=6704, stack(0x000000002e350000,0x000000002e450000)]
  0x000000001ac8b000 JavaThread "ForkJoinPool.commonPool-worker-4" daemon [_thread_blocked, id=19912, stack(0x000000002e250000,0x000000002e350000)]
  0x0000000029af7800 JavaThread "ForkJoinPool.commonPool-worker-3" daemon [_thread_blocked, id=15512, stack(0x000000002b8b0000,0x000000002b9b0000)]
  0x0000000029af6000 JavaThread "ForkJoinPool.commonPool-worker-2" daemon [_thread_blocked, id=15480, stack(0x000000002b7b0000,0x000000002b8b0000)]
  0x0000000029af3800 JavaThread "WorkerExecutor Queue Thread 17" [_thread_blocked, id=11984, stack(0x000000002b4b0000,0x000000002b5b0000)]
  0x0000000029af3000 JavaThread "WorkerExecutor Queue Thread 16" [_thread_blocked, id=20404, stack(0x000000002afb0000,0x000000002b0b0000)]
  0x0000000029ae9000 JavaThread "WorkerExecutor Queue Thread 15" [_thread_in_Java, id=20276, stack(0x000000001d530000,0x000000001d630000)]
  0x0000000029af5000 JavaThread "RMI TCP Connection(4)-127.0.0.1" daemon [_thread_in_native, id=1988, stack(0x000000002e150000,0x000000002e250000)]
  0x0000000029aea000 JavaThread "RMI TCP Connection(3)-127.0.0.1" daemon [_thread_in_native, id=12976, stack(0x000000002b5b0000,0x000000002b6b0000)]
  0x0000000029af1800 JavaThread "Cache worker for Java compile cache (D:\Weather-app\android\.gradle\5.6.2\javaCompile)" [_thread_blocked, id=17384, stack(0x000000002d720000,0x000000002d820000)]
  0x0000000029aee800 JavaThread "Cache worker for Java compile cache (C:\Users\palak\.gradle\caches\5.6.2\javaCompile)" [_thread_blocked, id=20400, stack(0x000000002d620000,0x000000002d720000)]
  0x0000000029af0800 JavaThread "RMI TCP Connection(5)-127.0.0.1" daemon [_thread_in_native, id=14072, stack(0x000000002d520000,0x000000002d620000)]
  0x0000000029af0000 JavaThread "RMI Reaper" [_thread_blocked, id=18412, stack(0x000000002d420000,0x000000002d520000)]
  0x0000000029aed000 JavaThread "RMI TCP Accept-0" daemon [_thread_in_native, id=2904, stack(0x000000002d320000,0x000000002d420000)]
  0x0000000029aef000 JavaThread "GC Daemon" daemon [_thread_blocked, id=22108, stack(0x000000002d220000,0x000000002d320000)]
  0x0000000029aec000 JavaThread "RMI Scheduler(0)" daemon [_thread_blocked, id=13216, stack(0x000000002cbb0000,0x000000002ccb0000)]
  0x0000000029aed800 JavaThread "stdout" [_thread_in_native, id=6952, stack(0x000000002cab0000,0x000000002cbb0000)]
  0x0000000029aeb800 JavaThread "stderr" [_thread_in_native, id=17524, stack(0x000000002c9b0000,0x000000002cab0000)]
  0x0000000019fc1000 JavaThread "stdout" [_thread_in_native, id=19268, stack(0x000000002c8b0000,0x000000002c9b0000)]
  0x0000000019fc0800 JavaThread "stderr" [_thread_in_native, id=5712, stack(0x000000002c7b0000,0x000000002c8b0000)]
  0x0000000019fc5000 JavaThread "stdout" [_thread_in_native, id=9512, stack(0x000000002c6b0000,0x000000002c7b0000)]
  0x0000000019fc2800 JavaThread "stderr" [_thread_in_native, id=2240, stack(0x000000002c5b0000,0x000000002c6b0000)]
  0x0000000019fc6800 JavaThread "stdout" [_thread_in_native, id=21084, stack(0x000000002c4b0000,0x000000002c5b0000)]
  0x0000000019fc3800 JavaThread "stderr" [_thread_in_native, id=21940, stack(0x000000002c3b0000,0x000000002c4b0000)]
  0x0000000019fc4000 JavaThread "stdout" [_thread_in_native, id=17316, stack(0x000000002c2b0000,0x000000002c3b0000)]
  0x0000000019fc2000 JavaThread "stderr" [_thread_in_native, id=10184, stack(0x000000002c1b0000,0x000000002c2b0000)]
  0x0000000019fc7000 JavaThread "stdout" [_thread_in_native, id=12148, stack(0x000000002c0b0000,0x000000002c1b0000)]
  0x0000000019fc5800 JavaThread "stderr" [_thread_in_native, id=8540, stack(0x000000002bfb0000,0x000000002c0b0000)]
  0x000000001bc53800 JavaThread "stdout" [_thread_in_native, id=17056, stack(0x000000002beb0000,0x000000002bfb0000)]
  0x0000000019d96000 JavaThread "stderr" [_thread_in_native, id=4964, stack(0x000000002bdb0000,0x000000002beb0000)]
  0x0000000019d94000 JavaThread "stdout" [_thread_in_native, id=22140, stack(0x000000002bcb0000,0x000000002bdb0000)]
  0x0000000019d91800 JavaThread "stderr" [_thread_in_native, id=12164, stack(0x000000002bbb0000,0x000000002bcb0000)]
  0x0000000019d94800 JavaThread "pool-7-thread-1" [_thread_blocked, id=8008, stack(0x000000002bab0000,0x000000002bbb0000)]
  0x000000001ac8a000 JavaThread "WorkerExecutor Queue Thread 8" [_thread_blocked, id=15856, stack(0x000000002b9b0000,0x000000002bab0000)]
  0x000000001ac8d000 JavaThread "Exec process Thread 9" [_thread_blocked, id=6672, stack(0x000000002aeb0000,0x000000002afb0000)]
  0x00000000265f2000 JavaThread "Exec process Thread 8" [_thread_blocked, id=528, stack(0x000000002adb0000,0x000000002aeb0000)]
  0x00000000265f3800 JavaThread "Exec process Thread 7" [_thread_blocked, id=16756, stack(0x000000002acb0000,0x000000002adb0000)]
  0x00000000265ef000 JavaThread "Cache worker for execution history cache (D:\Weather-app\android\.gradle\5.6.2\executionHistory)" [_thread_blocked, id=22340, stack(0x000000002abb0000,0x000000002acb0000)]
  0x00000000265f2800 JavaThread "Execution worker for ':' Thread 7" [_thread_in_vm, id=12324, stack(0x000000002aab0000,0x000000002abb0000)]
  0x00000000265ee000 JavaThread "Execution worker for ':' Thread 6" [_thread_in_vm, id=5144, stack(0x000000002a9b0000,0x000000002aab0000)]
  0x00000000265ef800 JavaThread "Execution worker for ':' Thread 5" [_thread_in_native, id=3024, stack(0x00000000298d0000,0x00000000299d0000)]
  0x00000000265ed800 JavaThread "Execution worker for ':' Thread 4" [_thread_blocked, id=10200, stack(0x00000000297d0000,0x00000000298d0000)]
  0x00000000265f1000 JavaThread "Execution worker for ':' Thread 3" [_thread_blocked, id=4468, stack(0x00000000296d0000,0x00000000297d0000)]
  0x00000000265e6000 JavaThread "Execution worker for ':' Thread 2" [_thread_in_native, id=21312, stack(0x00000000295d0000,0x00000000296d0000)]
  0x00000000265e8000 JavaThread "Execution worker for ':'" [_thread_in_Java, id=22504, stack(0x0000000027400000,0x0000000027500000)]
  0x00000000265ec800 JavaThread "Cache worker for file content cache (D:\Weather-app\android\.gradle\5.6.2\fileContent)" [_thread_blocked, id=17080, stack(0x0000000026a90000,0x0000000026b90000)]
  0x00000000265e4800 JavaThread "Cache worker for Build Output Cleanup Cache (D:\Weather-app\android\.gradle\buildOutputCleanup)" [_thread_blocked, id=4360, stack(0x00000000252b0000,0x00000000253b0000)]
  0x00000000265e6800 JavaThread "Build operations Thread 8" [_thread_blocked, id=21180, stack(0x0000000023f20000,0x0000000024020000)]
  0x00000000265ea800 JavaThread "Build operations Thread 7" [_thread_blocked, id=6252, stack(0x0000000023820000,0x0000000023920000)]
  0x00000000265eb000 JavaThread "Build operations Thread 6" [_thread_blocked, id=6172, stack(0x0000000023720000,0x0000000023820000)]
  0x00000000265e5000 JavaThread "Build operations Thread 5" [_thread_blocked, id=17792, stack(0x0000000023620000,0x0000000023720000)]
  0x00000000265e9800 JavaThread "Build operations Thread 4" [_thread_blocked, id=12096, stack(0x0000000023520000,0x0000000023620000)]
  0x00000000265e7800 JavaThread "Build operations Thread 3" [_thread_blocked, id=21452, stack(0x0000000023420000,0x0000000023520000)]
  0x00000000265e9000 JavaThread "Build operations Thread 2" [_thread_blocked, id=17112, stack(0x0000000023320000,0x0000000023420000)]
  0x000000001bc55000 JavaThread "Build operations" [_thread_blocked, id=22412, stack(0x0000000023220000,0x0000000023320000)]
  0x000000001bc58000 JavaThread "Cache worker for cache directory md-rule (C:\Users\palak\.gradle\caches\5.6.2\md-rule)" [_thread_blocked, id=19644, stack(0x00000000219f0000,0x0000000021af0000)]
  0x000000001bc4c000 JavaThread "Cache worker for cache directory md-supplier (C:\Users\palak\.gradle\caches\5.6.2\md-supplier)" [_thread_blocked, id=18832, stack(0x00000000217f0000,0x00000000218f0000)]
  0x000000001bc52800 JavaThread "Cache worker for file hash cache (D:\Weather-app\android\.gradle\5.6.2\fileHashes)" [_thread_blocked, id=9220, stack(0x00000000216f0000,0x00000000217f0000)]
  0x000000001bc4d800 JavaThread "Thread-150" [_thread_blocked, id=16808, stack(0x000000001fcd0000,0x000000001fdd0000)]
  0x000000001bc52000 JavaThread "Asynchronous log dispatcher for DefaultDaemonConnection: socket connection from /127.0.0.1:60970 to /127.0.0.1:52099" [_thread_blocked, id=17368, stack(0x000000001d430000,0x000000001d530000)]
  0x000000001bc4e000 JavaThread "Daemon worker Thread 3" [_thread_in_Java, id=3608, stack(0x000000001d230000,0x000000001d330000)]
  0x000000001bc49800 JavaThread "Cancel handler" [_thread_blocked, id=22156, stack(0x000000001cf30000,0x000000001d030000)]
  0x000000001bc4a800 JavaThread "Handler for socket connection from /127.0.0.1:60970 to /127.0.0.1:52099" [_thread_in_native, id=14408, stack(0x000000001cc30000,0x000000001cd30000)]
  0x000000001bc4f800 JavaThread "Daemon Thread 3" [_thread_blocked, id=6260, stack(0x00000000011a0000,0x00000000012a0000)]
  0x000000001bc51000 JavaThread "Cache worker for file content cache (C:\Users\palak\.gradle\caches\5.6.2\fileContent)" [_thread_blocked, id=5476, stack(0x00000000251b0000,0x00000000252b0000)]
  0x000000001bc57000 JavaThread "Memory manager" [_thread_blocked, id=6940, stack(0x00000000250b0000,0x00000000251b0000)]
  0x000000001bc4f000 JavaThread "Cache worker for execution history cache (C:\Users\palak\.gradle\caches\5.6.2\executionHistory)" [_thread_blocked, id=9344, stack(0x00000000218f0000,0x00000000219f0000)]
  0x0000000019d97000 JavaThread "Cache worker for journal cache (C:\Users\palak\.gradle\caches\journal-1)" [_thread_blocked, id=18848, stack(0x000000001d830000,0x000000001d930000)]
  0x0000000019d95800 JavaThread "File lock request listener" [_thread_in_native, id=19368, stack(0x000000001d730000,0x000000001d830000)]
  0x000000001b17c800 JavaThread "Cache worker for file hash cache (C:\Users\palak\.gradle\caches\5.6.2\fileHashes)" [_thread_blocked, id=20504, stack(0x000000001d630000,0x000000001d730000)]
  0x000000001b661800 JavaThread "Daemon periodic checks" [_thread_blocked, id=14044, stack(0x000000001cb30000,0x000000001cc30000)]
  0x000000001b5c8000 JavaThread "Incoming local TCP Connector on port 60970" [_thread_in_native, id=4020, stack(0x000000001c8f0000,0x000000001c9f0000)]
  0x0000000019b36800 JavaThread "Daemon health stats" [_thread_blocked, id=11504, stack(0x000000001c2b0000,0x000000001c3b0000)]
  0x0000000018c92000 JavaThread "Service Thread" daemon [_thread_blocked, id=21424, stack(0x0000000019910000,0x0000000019a10000)]
  0x0000000018c4e000 JavaThread "C1 CompilerThread3" daemon [_thread_in_native, id=22040, stack(0x0000000019810000,0x0000000019910000)]
  0x0000000018c47000 JavaThread "C2 CompilerThread2" daemon [_thread_in_native, id=15452, stack(0x0000000019710000,0x0000000019810000)]
=>0x0000000018c3f000 JavaThread "C2 CompilerThread1" daemon [_thread_in_native, id=14000, stack(0x0000000019610000,0x0000000019710000)]
  0x0000000018c3d000 JavaThread "C2 CompilerThread0" daemon [_thread_in_native, id=6312, stack(0x0000000019510000,0x0000000019610000)]
  0x0000000018c38800 JavaThread "Attach Listener" daemon [_thread_blocked, id=21792, stack(0x0000000019410000,0x0000000019510000)]
  0x0000000016e21800 JavaThread "Signal Dispatcher" daemon [_thread_blocked, id=15772, stack(0x0000000019310000,0x0000000019410000)]
  0x0000000018c30800 JavaThread "Finalizer" daemon [_thread_blocked, id=20584, stack(0x0000000019110000,0x0000000019210000)]
  0x0000000016e1c000 JavaThread "Reference Handler" daemon [_thread_blocked, id=456, stack(0x0000000019010000,0x0000000019110000)]
  0x0000000002f63000 JavaThread "main" [_thread_blocked, id=2180, stack(0x0000000002e60000,0x0000000002f60000)]

Other Threads:
  0x0000000016e17800 VMThread [stack: 0x0000000018b10000,0x0000000018c10000] [id=4324]
  0x0000000018c93000 WatcherThread [stack: 0x0000000019a10000,0x0000000019b10000] [id=1400]

VM state:not at safepoint (normal execution)

VM Mutex/Monitor currently owned by a thread: None

heap address: 0x00000000a0000000, size: 1536 MB, Compressed Oops mode: 32-bit
Narrow klass base: 0x0000000000000000, Narrow klass shift: 3
Compressed class space size: 1073741824 Address: 0x0000000100000000

Heap:
 PSYoungGen      total 268288K, used 131181K [0x00000000e0000000, 0x00000000f6e80000, 0x0000000100000000)
  eden space 195584K, 41% used [0x00000000e0000000,0x00000000e4fb9a00,0x00000000ebf00000)
  from space 72704K, 68% used [0x00000000ebf00000,0x00000000eef61d80,0x00000000f0600000)
  to   space 75264K, 0% used [0x00000000f2500000,0x00000000f2500000,0x00000000f6e80000)
 ParOldGen       total 350720K, used 139780K [0x00000000a0000000, 0x00000000b5680000, 0x00000000e0000000)
  object space 350720K, 39% used [0x00000000a0000000,0x00000000a8881200,0x00000000b5680000)
 Metaspace       used 118460K, capacity 126240K, committed 126488K, reserved 1159168K
  class space    used 15496K, capacity 17164K, committed 17200K, reserved 1048576K

Card table byte_map: [0x0000000012420000,0x0000000012730000] byte_map_base: 0x0000000011f20000

Marking Bits: (ParMarkBitMap*) 0x0000000068159f30
 Begin Bits: [0x0000000013130000, 0x0000000014930000)
 End Bits:   [0x0000000014930000, 0x0000000016130000)

Polling page: 0x0000000002cf0000

CodeCache: size=245760Kb used=68158Kb max_used=68158Kb free=177601Kb
 bounds [0x0000000003060000, 0x0000000007350000, 0x0000000012060000]
 total_blobs=20509 nmethods=19583 adapters=838
 compilation: enabled

Compilation events (10 events):
Event: 7925.755 Thread 0x0000000018c4e000 nmethod 24359 0x0000000007341a10 code [0x0000000007341b60, 0x0000000007341cd0]
Event: 7925.755 Thread 0x0000000018c4e000 24360       2       com.android.tools.r8.graph.DexClass::b (41 bytes)
Event: 7925.756 Thread 0x0000000018c4e000 nmethod 24360 0x0000000007341d50 code [0x0000000007341ea0, 0x0000000007342050]
Event: 7925.756 Thread 0x0000000018c4e000 24361       2       com.android.tools.r8.graph.DexClass::a (41 bytes)
Event: 7925.756 Thread 0x0000000018c4e000 nmethod 24361 0x00000000073420d0 code [0x0000000007342220, 0x00000000073423d0]
Event: 7925.756 Thread 0x0000000018c4e000 24362       2       com.android.tools.r8.graph.DexClass::a (46 bytes)
Event: 7925.757 Thread 0x0000000018c4e000 nmethod 24362 0x0000000007342450 code [0x00000000073425a0, 0x0000000007342770]
Event: 7925.757 Thread 0x0000000018c4e000 24363       2       com.android.tools.r8.graph.ClassAccessFlags::a (88 bytes)
Event: 7925.758 Thread 0x0000000018c4e000 nmethod 24363 0x0000000007342810 code [0x0000000007342960, 0x0000000007342c90]
Event: 7925.758 Thread 0x0000000018c4e000 24450       2       com.android.tools.r8.m.a.a.b.p2::size (6 bytes)

GC Heap History (10 events):
Event: 7909.698 GC heap before
{Heap before GC invocations=38 (full 4):
 PSYoungGen      total 222720K, used 197977K [0x00000000e0000000, 0x00000000f2500000, 0x0000000100000000)
  eden space 162304K, 100% used [0x00000000e0000000,0x00000000e9e80000,0x00000000e9e80000)
  from space 60416K, 59% used [0x00000000e9e80000,0x00000000ec156610,0x00000000ed980000)
  to   space 60416K, 0% used [0x00000000eea00000,0x00000000eea00000,0x00000000f2500000)
 ParOldGen       total 228352K, used 188381K [0x00000000a0000000, 0x00000000adf00000, 0x00000000e0000000)
  object space 228352K, 82% used [0x00000000a0000000,0x00000000ab7f7700,0x00000000adf00000)
 Metaspace       used 107347K, capacity 113750K, committed 113944K, reserved 1148928K
  class space    used 13947K, capacity 15357K, committed 15408K, reserved 1048576K
Event: 7909.751 GC heap after
Heap after GC invocations=38 (full 4):
 PSYoungGen      total 237568K, used 42484K [0x00000000e0000000, 0x00000000f2700000, 0x0000000100000000)
  eden space 177152K, 0% used [0x00000000e0000000,0x00000000e0000000,0x00000000ead00000)
  from space 60416K, 70% used [0x00000000eea00000,0x00000000f137d190,0x00000000f2500000)
  to   space 62464K, 0% used [0x00000000ead00000,0x00000000ead00000,0x00000000eea00000)
 ParOldGen       total 228352K, used 188389K [0x00000000a0000000, 0x00000000adf00000, 0x00000000e0000000)
  object space 228352K, 82% used [0x00000000a0000000,0x00000000ab7f9700,0x00000000adf00000)
 Metaspace       used 107347K, capacity 113750K, committed 113944K, reserved 1148928K
  class space    used 13947K, capacity 15357K, committed 15408K, reserved 1048576K
}
Event: 7916.339 GC heap before
{Heap before GC invocations=39 (full 4):
 PSYoungGen      total 237568K, used 219543K [0x00000000e0000000, 0x00000000f2700000, 0x0000000100000000)
  eden space 177152K, 99% used [0x00000000e0000000,0x00000000eace8c38,0x00000000ead00000)
  from space 60416K, 70% used [0x00000000eea00000,0x00000000f137d190,0x00000000f2500000)
  to   space 62464K, 0% used [0x00000000ead00000,0x00000000ead00000,0x00000000eea00000)
 ParOldGen       total 228352K, used 188389K [0x00000000a0000000, 0x00000000adf00000, 0x00000000e0000000)
  object space 228352K, 82% used [0x00000000a0000000,0x00000000ab7f9700,0x00000000adf00000)
 Metaspace       used 108365K, capacity 115006K, committed 115352K, reserved 1148928K
  class space    used 13965K, capacity 15401K, committed 15536K, reserved 1048576K
Event: 7916.470 GC heap after
Heap after GC invocations=39 (full 4):
 PSYoungGen      total 239616K, used 62461K [0x00000000e0000000, 0x00000000f4d80000, 0x0000000100000000)
  eden space 177152K, 0% used [0x00000000e0000000,0x00000000e0000000,0x00000000ead00000)
  from space 62464K, 99% used [0x00000000ead00000,0x00000000ee9ff728,0x00000000eea00000)
  to   space 73216K, 0% used [0x00000000f0600000,0x00000000f0600000,0x00000000f4d80000)
 ParOldGen       total 228352K, used 193984K [0x00000000a0000000, 0x00000000adf00000, 0x00000000e0000000)
  object space 228352K, 84% used [0x00000000a0000000,0x00000000abd70328,0x00000000adf00000)
 Metaspace       used 108365K, capacity 115006K, committed 115352K, reserved 1148928K
  class space    used 13965K, capacity 15401K, committed 15536K, reserved 1048576K
}
Event: 7916.470 GC heap before
{Heap before GC invocations=40 (full 5):
 PSYoungGen      total 239616K, used 62461K [0x00000000e0000000, 0x00000000f4d80000, 0x0000000100000000)
  eden space 177152K, 0% used [0x00000000e0000000,0x00000000e0000000,0x00000000ead00000)
  from space 62464K, 99% used [0x00000000ead00000,0x00000000ee9ff728,0x00000000eea00000)
  to   space 73216K, 0% used [0x00000000f0600000,0x00000000f0600000,0x00000000f4d80000)
 ParOldGen       total 228352K, used 193984K [0x00000000a0000000, 0x00000000adf00000, 0x00000000e0000000)
  object space 228352K, 84% used [0x00000000a0000000,0x00000000abd70328,0x00000000adf00000)
 Metaspace       used 108365K, capacity 115006K, committed 115352K, reserved 1148928K
  class space    used 13965K, capacity 15401K, committed 15536K, reserved 1048576K
Event: 7917.050 GC heap after
Heap after GC invocations=40 (full 5):
 PSYoungGen      total 239616K, used 0K [0x00000000e0000000, 0x00000000f4d80000, 0x0000000100000000)
  eden space 177152K, 0% used [0x00000000e0000000,0x00000000e0000000,0x00000000ead00000)
  from space 62464K, 0% used [0x00000000ead00000,0x00000000ead00000,0x00000000eea00000)
  to   space 73216K, 0% used [0x00000000f0600000,0x00000000f0600000,0x00000000f4d80000)
 ParOldGen       total 350720K, used 139764K [0x00000000a0000000, 0x00000000b5680000, 0x00000000e0000000)
  object space 350720K, 39% used [0x00000000a0000000,0x00000000a887d200,0x00000000b5680000)
 Metaspace       used 108360K, capacity 114996K, committed 115352K, reserved 1148928K
  class space    used 13963K, capacity 15398K, committed 15536K, reserved 1048576K
}
Event: 7923.527 GC heap before
{Heap before GC invocations=41 (full 5):
 PSYoungGen      total 239616K, used 177152K [0x00000000e0000000, 0x00000000f4d80000, 0x0000000100000000)
  eden space 177152K, 100% used [0x00000000e0000000,0x00000000ead00000,0x00000000ead00000)
  from space 62464K, 0% used [0x00000000ead00000,0x00000000ead00000,0x00000000eea00000)
  to   space 73216K, 0% used [0x00000000f0600000,0x00000000f0600000,0x00000000f4d80000)
 ParOldGen       total 350720K, used 139764K [0x00000000a0000000, 0x00000000b5680000, 0x00000000e0000000)
  object space 350720K, 39% used [0x00000000a0000000,0x00000000a887d200,0x00000000b5680000)
 Metaspace       used 110320K, capacity 116932K, committed 117016K, reserved 1150976K
  class space    used 14180K, capacity 15604K, committed 15664K, reserved 1048576K
Event: 7923.547 GC heap after
Heap after GC invocations=41 (full 5):
 PSYoungGen      total 268288K, used 11851K [0x00000000e0000000, 0x00000000f4d00000, 0x0000000100000000)
  eden space 195584K, 0% used [0x00000000e0000000,0x00000000e0000000,0x00000000ebf00000)
  from space 72704K, 16% used [0x00000000f0600000,0x00000000f1192ce0,0x00000000f4d00000)
  to   space 72704K, 0% used [0x00000000ebf00000,0x00000000ebf00000,0x00000000f0600000)
 ParOldGen       total 350720K, used 139772K [0x00000000a0000000, 0x00000000b5680000, 0x00000000e0000000)
  object space 350720K, 39% used [0x00000000a0000000,0x00000000a887f200,0x00000000b5680000)
 Metaspace       used 110320K, capacity 116932K, committed 117016K, reserved 1150976K
  class space    used 14180K, capacity 15604K, committed 15664K, reserved 1048576K
}
Event: 7925.032 GC heap before
{Heap before GC invocations=42 (full 5):
 PSYoungGen      total 268288K, used 207435K [0x00000000e0000000, 0x00000000f4d00000, 0x0000000100000000)
  eden space 195584K, 100% used [0x00000000e0000000,0x00000000ebf00000,0x00000000ebf00000)
  from space 72704K, 16% used [0x00000000f0600000,0x00000000f1192ce0,0x00000000f4d00000)
  to   space 72704K, 0% used [0x00000000ebf00000,0x00000000ebf00000,0x00000000f0600000)
 ParOldGen       total 350720K, used 139772K [0x00000000a0000000, 0x00000000b5680000, 0x00000000e0000000)
  object space 350720K, 39% used [0x00000000a0000000,0x00000000a887f200,0x00000000b5680000)
 Metaspace       used 117468K, capacity 124796K, committed 125080K, reserved 1157120K
  class space    used 15368K, capacity 16958K, committed 17072K, reserved 1048576K
Event: 7925.121 GC heap after
Heap after GC invocations=42 (full 5):
 PSYoungGen      total 268288K, used 49543K [0x00000000e0000000, 0x00000000f6e80000, 0x0000000100000000)
  eden space 195584K, 0% used [0x00000000e0000000,0x00000000e0000000,0x00000000ebf00000)
  from space 72704K, 68% used [0x00000000ebf00000,0x00000000eef61d80,0x00000000f0600000)
  to   space 75264K, 0% used [0x00000000f2500000,0x00000000f2500000,0x00000000f6e80000)
 ParOldGen       total 350720K, used 139780K [0x00000000a0000000, 0x00000000b5680000, 0x00000000e0000000)
  object space 350720K, 39% used [0x00000000a0000000,0x00000000a8881200,0x00000000b5680000)
 Metaspace       used 117468K, capacity 124796K, committed 125080K, reserved 1157120K
  class space    used 15368K, capacity 16958K, committed 17072K, reserved 1048576K
}

Deoptimization events (10 events):
Event: 7925.153 Thread 0x00000000265f2800 Uncommon trap: reason=bimorphic action=maybe_recompile pc=0x000000000538c534 method=java.util.Collections$UnmodifiableCollection.contains(Ljava/lang/Object;)Z @ 5
Event: 7925.164 Thread 0x000000001bc4e000 Uncommon trap: reason=unstable_if action=reinterpret pc=0x0000000004674dec method=java.util.HashMap.computeIfAbsent(Ljava/lang/Object;Ljava/util/function/Function;)Ljava/lang/Object; @ 145
Event: 7925.165 Thread 0x000000001ea67000 Uncommon trap: reason=unstable_if action=reinterpret pc=0x00000000072dfcbc method=com.android.tools.r8.n.a.a.a.g.f0.get(I)Ljava/lang/Object; @ 8
Event: 7925.259 Thread 0x000000001bc4e000 Uncommon trap: reason=speculate_class_check action=maybe_recompile pc=0x00000000043d5458 method=java.util.HashMap.putVal(ILjava/lang/Object;Ljava/lang/Object;ZZ)Ljava/lang/Object; @ 152
Event: 7925.329 Thread 0x000000001ea68800 Uncommon trap: reason=unstable_if action=reinterpret pc=0x0000000004805cd0 method=java.util.concurrent.ConcurrentLinkedQueue.offer(Ljava/lang/Object;)Z @ 40
Event: 7925.336 Thread 0x000000001ea68800 Uncommon trap: reason=unstable_if action=reinterpret pc=0x00000000036a1a08 method=com.android.tools.r8.graph.DexProto.b(Ljava/lang/Object;)Z @ 37
Event: 7925.348 Thread 0x000000001bc4e000 Uncommon trap: reason=speculate_class_check action=maybe_recompile pc=0x00000000043d5458 method=java.util.HashMap.putVal(ILjava/lang/Object;Ljava/lang/Object;ZZ)Ljava/lang/Object; @ 152
Event: 7925.701 Thread 0x00000000265e8000 Uncommon trap: reason=unstable_if action=reinterpret pc=0x0000000006c48510 method=com.android.tools.r8.graph.DexString.slowCompareTo(Lcom/android/tools/r8/graph/DexString;)I @ 57
Event: 7925.707 Thread 0x0000000029ae9000 Uncommon trap: reason=unstable_if action=reinterpret pc=0x0000000005b1f350 method=java.util.stream.StreamOpFlag.getMask(I)I @ 1
Event: 7925.723 Thread 0x0000000029ae9000 Uncommon trap: reason=unstable_if action=reinterpret pc=0x000000000674a574 method=sun.nio.fs.WindowsPathParser.parse(Ljava/lang/String;Z)Lsun/nio/fs/WindowsPathParser$Result; @ 45

Classes redefined (0 events):
No events

Internal exceptions (10 events):
Event: 7925.542 Thread 0x00000000265ef800 Exception <a 'sun/nio/fs/WindowsException'> (0x00000000e28cb5d0) thrown at [D:\src\AOSP-openjdk-cygwin\jdk8u\hotspot\src\share\vm\prims\jni.cpp, line 710]
Event: 7925.553 Thread 0x0000000029af3800 Exception <a 'sun/nio/fs/WindowsException'> (0x00000000e32342e0) thrown at [D:\src\AOSP-openjdk-cygwin\jdk8u\hotspot\src\share\vm\prims\jni.cpp, line 710]
Event: 7925.553 Thread 0x0000000029af3800 Exception <a 'sun/nio/fs/WindowsException'> (0x00000000e32360a8) thrown at [D:\src\AOSP-openjdk-cygwin\jdk8u\hotspot\src\share\vm\prims\jni.cpp, line 710]
Event: 7925.585 Thread 0x000000001ac8b800 Exception <a 'sun/nio/fs/WindowsException'> (0x00000000e37c4cf8) thrown at [D:\src\AOSP-openjdk-cygwin\jdk8u\hotspot\src\share\vm\prims\jni.cpp, line 710]
Event: 7925.586 Thread 0x000000001ac8b800 Exception <a 'sun/nio/fs/WindowsException'> (0x00000000e37c65b8) thrown at [D:\src\AOSP-openjdk-cygwin\jdk8u\hotspot\src\share\vm\prims\jni.cpp, line 710]
Event: 7925.644 Thread 0x00000000265ee000 Exception <a 'sun/nio/fs/WindowsException'> (0x00000000e3bd8280) thrown at [D:\src\AOSP-openjdk-cygwin\jdk8u\hotspot\src\share\vm\prims\jni.cpp, line 710]
Event: 7925.667 Thread 0x00000000265ef800 Exception <a 'sun/nio/fs/WindowsException'> (0x00000000e37519a8) thrown at [D:\src\AOSP-openjdk-cygwin\jdk8u\hotspot\src\share\vm\prims\jni.cpp, line 710]
Event: 7925.714 Thread 0x00000000265e6000 Exception <a 'sun/nio/fs/WindowsException'> (0x00000000e3121cc0) thrown at [D:\src\AOSP-openjdk-cygwin\jdk8u\hotspot\src\share\vm\prims\jni.cpp, line 710]
Event: 7925.743 Thread 0x000000001bc4b000 Exception <a 'sun/nio/fs/WindowsException'> (0x00000000e49c6db8) thrown at [D:\src\AOSP-openjdk-cygwin\jdk8u\hotspot\src\share\vm\prims\jni.cpp, line 710]
Event: 7925.743 Thread 0x000000001bc4b000 Exception <a 'sun/nio/fs/WindowsException'> (0x00000000e49d7908) thrown at [D:\src\AOSP-openjdk-cygwin\jdk8u\hotspot\src\share\vm\prims\jni.cpp, line 710]

Events (10 events):
Event: 7925.723 Thread 0x0000000029ae9000 DEOPT PACKING pc=0x000000000674a574 sp=0x000000001d62dc70
Event: 7925.723 Thread 0x0000000029ae9000 DEOPT UNPACKING pc=0x00000000030a557b sp=0x000000001d62dc70 mode 2
Event: 7925.723 loading class com/android/build/gradle/internal/packaging/ParsedPackagingOptions$getAction$1
Event: 7925.723 loading class com/android/build/gradle/internal/packaging/ParsedPackagingOptions$getAction$1 done
Event: 7925.724 loading class com/android/build/gradle/internal/packaging/ParsedPackagingOptions$getAction$2
Event: 7925.724 loading class com/android/build/gradle/internal/packaging/ParsedPackagingOptions$getAction$2 done
Event: 7925.726 loading class com/android/build/gradle/internal/packaging/ParsedPackagingOptions$getAction$3
Event: 7925.726 loading class com/android/build/gradle/internal/packaging/ParsedPackagingOptions$getAction$3 done
Event: 7925.727 loading class com/android/build/gradle/internal/packaging/PackagingFileAction
Event: 7925.727 loading class com/android/build/gradle/internal/packaging/PackagingFileAction done


Dynamic libraries:
0x00007ff7960b0000 - 0x00007ff7960e1000 	C:\Program Files\Android\Android Studio\jre\bin\java.exe
0x00007ffb90a60000 - 0x00007ffb90c50000 	C:\Windows\SYSTEM32\ntdll.dll
0x00007ffb90060000 - 0x00007ffb90112000 	C:\Windows\System32\KERNEL32.DLL
0x00007ffb8dae0000 - 0x00007ffb8dd85000 	C:\Windows\System32\KERNELBASE.dll
0x00007ffb8fed0000 - 0x00007ffb8ff73000 	C:\Windows\System32\ADVAPI32.dll
0x00007ffb90190000 - 0x00007ffb9022e000 	C:\Windows\System32\msvcrt.dll
0x00007ffb8f5c0000 - 0x00007ffb8f657000 	C:\Windows\System32\sechost.dll
0x00007ffb8f470000 - 0x00007ffb8f590000 	C:\Windows\System32\RPCRT4.dll
0x00007ffb8eb80000 - 0x00007ffb8ed14000 	C:\Windows\System32\USER32.dll
0x00007ffb8e520000 - 0x00007ffb8e541000 	C:\Windows\System32\win32u.dll
0x00007ffb8f590000 - 0x00007ffb8f5b6000 	C:\Windows\System32\GDI32.dll
0x00007ffb8e970000 - 0x00007ffb8eb06000 	C:\Windows\System32\gdi32full.dll
0x00007ffb8d9d0000 - 0x00007ffb8da6e000 	C:\Windows\System32\msvcp_win.dll
0x00007ffb8e750000 - 0x00007ffb8e84a000 	C:\Windows\System32\ucrtbase.dll
0x00007ffb743e0000 - 0x00007ffb74664000 	C:\Windows\WinSxS\amd64_microsoft.windows.common-controls_6595b64144ccf1df_6.0.18362.1256_none_9e7e379be45e40e2\COMCTL32.dll
0x00007ffb8ed20000 - 0x00007ffb8f056000 	C:\Windows\System32\combase.dll
0x00007ffb8e850000 - 0x00007ffb8e8d1000 	C:\Windows\System32\bcryptPrimitives.dll
0x00007ffb8f120000 - 0x00007ffb8f14e000 	C:\Windows\System32\IMM32.DLL
0x00000000686a0000 - 0x0000000068772000 	C:\Program Files\Android\Android Studio\jre\jre\bin\msvcr100.dll
0x0000000067990000 - 0x00000000681d6000 	C:\Program Files\Android\Android Studio\jre\jre\bin\server\jvm.dll
0x00007ffb90180000 - 0x00007ffb90188000 	C:\Windows\System32\PSAPI.DLL
0x00007ffb876e0000 - 0x00007ffb87704000 	C:\Windows\SYSTEM32\WINMM.dll
0x00007ffb81be0000 - 0x00007ffb81bea000 	C:\Windows\SYSTEM32\VERSION.dll
0x00007ffb876b0000 - 0x00007ffb876dd000 	C:\Windows\SYSTEM32\winmmbase.dll
0x00007ffb8da90000 - 0x00007ffb8dada000 	C:\Windows\System32\cfgmgr32.dll
0x00007ffb7cce0000 - 0x00007ffb7cce9000 	C:\Windows\SYSTEM32\WSOCK32.dll
0x00007ffb8fe60000 - 0x00007ffb8fecf000 	C:\Windows\System32\WS2_32.dll
0x00007ffb7cef0000 - 0x00007ffb7ceff000 	C:\Program Files\Android\Android Studio\jre\jre\bin\verify.dll
0x00007ffb5d9d0000 - 0x00007ffb5d9f9000 	C:\Program Files\Android\Android Studio\jre\jre\bin\java.dll
0x00007ffb739d0000 - 0x00007ffb739e6000 	C:\Program Files\Android\Android Studio\jre\jre\bin\zip.dll
0x00007ffb8f660000 - 0x00007ffb8fd47000 	C:\Windows\System32\SHELL32.dll
0x00007ffb8fdb0000 - 0x00007ffb8fe59000 	C:\Windows\System32\shcore.dll
0x00007ffb8dd90000 - 0x00007ffb8e511000 	C:\Windows\System32\windows.storage.dll
0x00007ffb8d950000 - 0x00007ffb8d973000 	C:\Windows\System32\profapi.dll
0x00007ffb8d980000 - 0x00007ffb8d9ca000 	C:\Windows\System32\powrprof.dll
0x00007ffb8d900000 - 0x00007ffb8d910000 	C:\Windows\System32\UMPDC.dll
0x00007ffb90120000 - 0x00007ffb90172000 	C:\Windows\System32\shlwapi.dll
0x00007ffb8d910000 - 0x00007ffb8d921000 	C:\Windows\System32\kernel.appcore.dll
0x00007ffb8da70000 - 0x00007ffb8da87000 	C:\Windows\System32\cryptsp.dll
0x00007ffb73530000 - 0x00007ffb7354a000 	C:\Program Files\Android\Android Studio\jre\jre\bin\net.dll
0x00007ffb72940000 - 0x00007ffb72b16000 	C:\Windows\SYSTEM32\urlmon.dll
0x00007ffb72590000 - 0x00007ffb72837000 	C:\Windows\SYSTEM32\iertutil.dll
0x00007ffb8d320000 - 0x00007ffb8d32c000 	C:\Windows\SYSTEM32\CRYPTBASE.DLL
0x00007ffb8d150000 - 0x00007ffb8d1b7000 	C:\Windows\system32\mswsock.dll
0x00007ffb64260000 - 0x00007ffb64273000 	C:\Program Files\Android\Android Studio\jre\jre\bin\nio.dll
0x00007ffb79230000 - 0x00007ffb79256000 	C:\Users\palak\.gradle\native\30\windows-amd64\native-platform.dll
0x00007ffb73e70000 - 0x00007ffb73e7d000 	C:\Program Files\Android\Android Studio\jre\jre\bin\management.dll
0x00007ffb8ccc0000 - 0x00007ffb8ccf3000 	C:\Windows\system32\rsaenh.dll
0x00007ffb8e940000 - 0x00007ffb8e966000 	C:\Windows\System32\bcrypt.dll
0x00007ffb8d820000 - 0x00007ffb8d845000 	C:\Windows\SYSTEM32\USERENV.dll
0x00007ffb8ce60000 - 0x00007ffb8ce9a000 	C:\Windows\SYSTEM32\IPHLPAPI.DLL
0x00007ffb90050000 - 0x00007ffb90058000 	C:\Windows\System32\NSI.dll
0x00007ffb825f0000 - 0x00007ffb82606000 	C:\Windows\SYSTEM32\dhcpcsvc6.DLL
0x00007ffb820c0000 - 0x00007ffb820dc000 	C:\Windows\SYSTEM32\dhcpcsvc.DLL
0x00007ffb8cea0000 - 0x00007ffb8cf6b000 	C:\Windows\SYSTEM32\DNSAPI.dll
0x00007ffb8c940000 - 0x00007ffb8c971000 	C:\Windows\SYSTEM32\ntmarta.dll
0x00007ffb87620000 - 0x00007ffb876af000 	C:\Windows\system32\apphelp.dll
0x00007ffb7cf50000 - 0x00007ffb7cf6e000 	C:\Users\palak\AppData\Local\Temp\native-platform1030718097997841562dir\native-platform.dll

VM Arguments:
jvm_args: -Xmx1536M -Dfile.encoding=windows-1252 -Duser.country=IN -Duser.language=en -Duser.variant 
java_command: org.gradle.launcher.daemon.bootstrap.GradleDaemon 5.6.2
java_class_path (initial): C:\Users\palak\.gradle\wrapper\dists\gradle-5.6.2-all\9st6wgf78h16so49nn74lgtbb\gradle-5.6.2\lib\gradle-launcher-5.6.2.jar
Launcher Type: SUN_STANDARD

Environment Variables:
JAVA_HOME=C:\Program Files\Android\Android Studio\jre
CLASSPATH=D:\Weather-app\android\\gradle\wrapper\gradle-wrapper.jar
PATH=C:\Program Files (x86)\Common Files\Oracle\Java\javapath;C:\Windows\system32;C:\Windows;C:\Windows\System32\Wbem;C:\Windows\System32\WindowsPowerShell\v1.0\;C:\Windows\System32\OpenSSH\;C:\Program Files (x86)\Intel\Intel(R) Management Engine Components\DAL;C:\Program Files\Intel\Intel(R) Management Engine Components\DAL;C:\Program Files\Intel\WiFi\bin\;C:\Program Files\Common Files\Intel\WirelessCommon\;C:\Program Files (x86)\NVIDIA Corporation\PhysX\Common;C:\Android;C:\Program Files\NVIDIA Corporation\NVIDIA NvDLISR;D:\Downloads\php-7.4.5-Win32-vc15-x64;D:\nodejs\;D:\Git\cmd;D:\CrSSL\bin;C:\Program Files\MySQL\MySQL Shell 8.0\bin\;C:\Users\palak\AppData\Local\Programs\Python\Python36\Scripts\;C:\Users\palak\AppData\Local\Programs\Python\Python36\;C:\Users\palak\AppData\Local\Microsoft\WindowsApps;D:\flutter_windows_v1.12.13+hotfix.5-stable\flutter\bin;C:\Users\palak\AppData\Local\Programs\Microsoft VS Code\bin;C:\Users\palak\AppData\Local\Programs\Python\Python37-32\Scripts;D:\flutter_windows_v1.12.13+hotfix.5-stable\flutter;C:\Users\palak\AppData\Local\Android\Sdk\emulator;C:\Program Files\Android\Android Studio\jre;D:\heroku\bin;D:\java\bin;C:\Users\palak\AppData\Roaming\npm;C:\Program Files (x86)\mingw-w64\i686-8.1.0-posix-dwarf-rt_v6-rev0\mingw32\bin;;D:\flutter_windows_v1.12.13+hotfix.5-stable\flutter\bin\mingit\cmd
USERNAME=palak
OS=Windows_NT
PROCESSOR_IDENTIFIER=Intel64 Family 6 Model 142 Stepping 12, GenuineIntel



---------------  S Y S T E M  ---------------

OS: Windows 10.0 , 64 bit Build 18362 (10.0.18362.1110)

CPU:total 8 (initial active 8) (4 cores per cpu, 2 threads per core) family 6 model 142 stepping 12, cmov, cx8, fxsr, mmx, sse, sse2, sse3, ssse3, sse4.1, sse4.2, popcnt, avx, avx2, aes, clmul, erms, 3dnowpref, lzcnt, ht, tsc, tscinvbit, bmi1, bmi2, adx

Memory: 4k page, physical 8158360k(795704k free), swap 21610388k(5664k free)

vm_info: OpenJDK 64-Bit Server VM (25.212-b04) for windows-amd64 JRE (1.8.0_212-release-1586-b04), built by "builder" with MS VC++ 10.0 (VS2010)

time: Sat Feb 13 15:41:16 2021
timezone: India Standard Time
elapsed time: 7925 seconds (0d 2h 12m 5s)

